

times in msec
 clock   self+sourced   self:  sourced script
 clock   elapsed:              other lines

000.011  000.011: --- NVIM STARTING ---
000.564  000.553: locale set
009.068  008.504: inits 1
009.096  000.028: window checked
009.106  000.009: parsing arguments
009.356  000.251: expanding arguments
009.438  000.082: inits 2
009.988  000.549: init highlight
010.138  000.150: waiting for UI
012.518  002.380: done waiting for UI
012.537  000.020: initialized screen early for UI
014.809  001.712  001.712: sourcing /Users/david.dunn/.local/share/nvim/site/autoload/plug.vim
026.629  000.029  000.029: sourcing /Users/david.dunn/.local/share/nvim/plugged/elm-vim/ftdetect/elm.vim
027.155  000.077  000.077: sourcing /Users/david.dunn/.local/share/nvim/plugged/vim-go/ftdetect/gofiletype.vim
033.876  000.017  000.017: sourcing /Users/david.dunn/.local/share/nvim/plugged/vim-fugitive/ftdetect/fugitive.vim
034.034  000.037  000.037: sourcing /Users/david.dunn/.local/share/nvim/plugged/plantuml-syntax/ftdetect/plantuml.vim
034.249  000.093  000.093: sourcing /Users/david.dunn/.local/share/nvim/plugged/vim-ruby/ftdetect/ruby.vim
034.426  000.127  000.127: sourcing /Users/david.dunn/.local/share/nvim/plugged/vim-ruby/ftdetect/ruby_extra.vim
034.524  006.357  006.082: sourcing /usr/local/Cellar/neovim/0.4.3/share/nvim/runtime/filetype.vim
034.707  000.035  000.035: sourcing /usr/local/Cellar/neovim/0.4.3/share/nvim/runtime/ftplugin.vim
034.880  000.033  000.033: sourcing /usr/local/Cellar/neovim/0.4.3/share/nvim/runtime/indent.vim
035.531  000.271  000.271: sourcing /usr/local/Cellar/neovim/0.4.3/share/nvim/runtime/syntax/syncolor.vim
035.624  000.506  000.235: sourcing /usr/local/Cellar/neovim/0.4.3/share/nvim/runtime/syntax/synload.vim
035.650  000.675  000.169: sourcing /usr/local/Cellar/neovim/0.4.3/share/nvim/runtime/syntax/syntax.vim
036.112  000.131  000.131: sourcing /usr/local/Cellar/neovim/0.4.3/share/nvim/runtime/syntax/syncolor.vim
037.049  000.147  000.147: sourcing /usr/local/Cellar/neovim/0.4.3/share/nvim/runtime/syntax/syncolor.vim
037.534  000.132  000.132: sourcing /usr/local/Cellar/neovim/0.4.3/share/nvim/runtime/syntax/syncolor.vim
039.968  003.571  003.292: sourcing /Users/david.dunn/.local/share/nvim/plugged/NeoSolarized/colors/NeoSolarized.vim
040.896  000.182  000.182: sourcing /usr/local/Cellar/neovim/0.4.3/share/nvim/runtime/syntax/syncolor.vim
041.581  000.155  000.155: sourcing /usr/local/Cellar/neovim/0.4.3/share/nvim/runtime/syntax/syncolor.vim
043.492  003.326  002.990: sourcing /Users/david.dunn/.local/share/nvim/plugged/NeoSolarized/colors/NeoSolarized.vim
043.500  003.452  000.126: sourcing /Users/david.dunn/.config/nvim/init.local.vim
043.508  030.765  014.693: sourcing /Users/david.dunn/.config/nvim/init.vim
043.513  000.211: sourcing vimrc file(s)
043.857  000.112  000.112: sourcing /Users/david.dunn/.local/share/nvim/plugged/lightline.vim/plugin/lightline.vim
044.570  000.087  000.087: sourcing /Users/david.dunn/.local/share/nvim/plugged/ale/autoload/ale/events.vim
044.723  000.730  000.642: sourcing /Users/david.dunn/.local/share/nvim/plugged/ale/plugin/ale.vim
045.007  000.141  000.141: sourcing /Users/david.dunn/.local/share/nvim/plugged/vim-commentary/plugin/commentary.vim
045.443  000.087  000.087: sourcing /Users/david.dunn/.local/share/nvim/plugged/dash.vim/autoload/dash/defaults.vim
045.544  000.263  000.176: sourcing /Users/david.dunn/.local/share/nvim/plugged/dash.vim/autoload/dash.vim
045.913  000.773  000.509: sourcing /Users/david.dunn/.local/share/nvim/plugged/dash.vim/plugin/dash.vim
046.458  000.071  000.071: sourcing /usr/local/Cellar/neovim/0.4.3/share/nvim/runtime/autoload/provider/pythonx.vim
157.279  000.166  000.166: sourcing /usr/local/Cellar/neovim/0.4.3/share/nvim/runtime/autoload/remote/host.vim
157.378  111.129  110.892: sourcing /usr/local/Cellar/neovim/0.4.3/share/nvim/runtime/autoload/provider/python.vim
225.446  067.929  067.929: sourcing /usr/local/Cellar/neovim/0.4.3/share/nvim/runtime/autoload/provider/python3.vim
226.319  180.266  001.209: sourcing /Users/david.dunn/.local/share/nvim/plugged/youcompleteme/plugin/youcompleteme.vim
230.519  003.991  003.991: sourcing /Users/david.dunn/.local/share/nvim/plugged/vim-easymotion/plugin/EasyMotion.vim
231.571  000.919  000.919: sourcing /Users/david.dunn/.local/share/nvim/plugged/vim-fugitive/plugin/fugitive.vim
232.362  000.462  000.462: sourcing /Users/david.dunn/.fzf/plugin/fzf.vim
233.088  000.602  000.602: sourcing /Users/david.dunn/.local/share/nvim/plugged/fzf.vim/plugin/fzf.vim
233.449  000.237  000.237: sourcing /Users/david.dunn/.local/share/nvim/plugged/vim-gutentags/plugin/gutentags.vim
233.646  000.071  000.071: sourcing /Users/david.dunn/.local/share/nvim/plugged/linediff.vim/plugin/linediff.vim
234.144  000.362  000.362: sourcing /Users/david.dunn/.local/share/nvim/plugged/vim-surround/plugin/surround.vim
234.638  000.151  000.151: sourcing /usr/local/Cellar/neovim/0.4.3/share/nvim/runtime/plugin/gzip.vim
234.697  000.014  000.014: sourcing /usr/local/Cellar/neovim/0.4.3/share/nvim/runtime/plugin/health.vim
234.801  000.059  000.059: sourcing /usr/local/Cellar/neovim/0.4.3/share/nvim/runtime/plugin/man.vim
236.202  000.203  000.203: sourcing /usr/local/Cellar/neovim/0.4.3/share/nvim/runtime/pack/dist/opt/matchit/plugin/matchit.vim
236.241  001.398  001.195: sourcing /usr/local/Cellar/neovim/0.4.3/share/nvim/runtime/plugin/matchit.vim
236.412  000.125  000.125: sourcing /usr/local/Cellar/neovim/0.4.3/share/nvim/runtime/plugin/matchparen.vim
236.822  000.364  000.364: sourcing /usr/local/Cellar/neovim/0.4.3/share/nvim/runtime/plugin/netrwPlugin.vim
237.374  000.141  000.141: sourcing /usr/local/Cellar/neovim/0.4.3/share/nvim/runtime/autoload/remote/define.vim
237.441  000.403  000.263: sourcing /Users/david.dunn/.local/share/nvim/rplugin.vim
237.448  000.565  000.162: sourcing /usr/local/Cellar/neovim/0.4.3/share/nvim/runtime/plugin/rplugin.vim
237.590  000.089  000.089: sourcing /usr/local/Cellar/neovim/0.4.3/share/nvim/runtime/plugin/shada.vim
237.663  000.021  000.021: sourcing /usr/local/Cellar/neovim/0.4.3/share/nvim/runtime/plugin/spellfile.vim
237.832  000.120  000.120: sourcing /usr/local/Cellar/neovim/0.4.3/share/nvim/runtime/plugin/tarPlugin.vim
237.955  000.074  000.074: sourcing /usr/local/Cellar/neovim/0.4.3/share/nvim/runtime/plugin/tohtml.vim
238.019  000.017  000.017: sourcing /usr/local/Cellar/neovim/0.4.3/share/nvim/runtime/plugin/tutor.vim
238.207  000.141  000.141: sourcing /usr/local/Cellar/neovim/0.4.3/share/nvim/runtime/plugin/zipPlugin.vim
238.216  002.896: loading plugins
238.290  000.074: loading packages
238.331  000.041: loading after plugins
238.341  000.010: inits 3
240.794  002.453: reading ShaDa
241.082  000.133  000.133: sourcing /Users/david.dunn/.local/share/nvim/plugged/ale/autoload/ale.vim
241.144  000.216: opening buffers
241.507  000.288  000.288: sourcing /Users/david.dunn/.local/share/nvim/plugged/lightline.vim/autoload/lightline.vim
241.942  000.035  000.035: sourcing /Users/david.dunn/.local/share/nvim/plugged/lightline.vim/autoload/lightline/tab.vim
242.377  000.142  000.142: sourcing /Users/david.dunn/.local/share/nvim/plugged/lightline.vim/autoload/lightline/colorscheme.vim
242.832  000.740  000.598: sourcing /Users/david.dunn/.local/share/nvim/plugged/lightline.vim/autoload/lightline/colorscheme/solarized.vim
245.267  003.061: BufEnter autocommands
245.270  000.002: editing files in windows
245.862  000.488  000.488: sourcing /Users/david.dunn/.local/share/nvim/plugged/youcompleteme/autoload/youcompleteme.vim
246.102  000.021  000.021: sourcing /usr/local/Cellar/neovim/0.4.3/share/nvim/runtime/autoload/provider.vim
407.247  000.417  000.417: sourcing /Users/david.dunn/.local/share/nvim/plugged/vim-gutentags/autoload/gutentags.vim
407.370  161.175: VimEnter autocommands
407.373  000.003: UIEnter autocommands
407.374  000.001: before starting main loop
408.465  001.091: first screen update
408.467  000.002: --- NVIM STARTED ---


times in msec
 clock   self+sourced   self:  sourced script
 clock   elapsed:              other lines

000.011  000.011: --- NVIM STARTING ---
000.565  000.554: locale set
009.269  008.704: inits 1
009.302  000.033: window checked
009.313  000.011: parsing arguments
009.569  000.256: expanding arguments
009.653  000.083: inits 2
010.198  000.546: init highlight
010.357  000.158: waiting for UI
012.686  002.329: done waiting for UI
012.708  000.022: initialized screen early for UI
015.044  001.740  001.740: sourcing /Users/david.dunn/.local/share/nvim/site/autoload/plug.vim
026.699  000.022  000.022: sourcing /Users/david.dunn/.local/share/nvim/plugged/elm-vim/ftdetect/elm.vim
027.214  000.076  000.076: sourcing /Users/david.dunn/.local/share/nvim/plugged/vim-go/ftdetect/gofiletype.vim
034.217  000.017  000.017: sourcing /Users/david.dunn/.local/share/nvim/plugged/vim-fugitive/ftdetect/fugitive.vim
034.407  000.039  000.039: sourcing /Users/david.dunn/.local/share/nvim/plugged/plantuml-syntax/ftdetect/plantuml.vim
034.630  000.100  000.100: sourcing /Users/david.dunn/.local/share/nvim/plugged/vim-ruby/ftdetect/ruby.vim
034.829  000.133  000.133: sourcing /Users/david.dunn/.local/share/nvim/plugged/vim-ruby/ftdetect/ruby_extra.vim
034.945  006.694  006.405: sourcing /usr/local/Cellar/neovim/0.4.3/share/nvim/runtime/filetype.vim
035.170  000.054  000.054: sourcing /usr/local/Cellar/neovim/0.4.3/share/nvim/runtime/ftplugin.vim
035.358  000.034  000.034: sourcing /usr/local/Cellar/neovim/0.4.3/share/nvim/runtime/indent.vim
036.092  000.304  000.304: sourcing /usr/local/Cellar/neovim/0.4.3/share/nvim/runtime/syntax/syncolor.vim
036.204  000.569  000.265: sourcing /usr/local/Cellar/neovim/0.4.3/share/nvim/runtime/syntax/synload.vim
036.232  000.764  000.195: sourcing /usr/local/Cellar/neovim/0.4.3/share/nvim/runtime/syntax/syntax.vim
036.731  000.132  000.132: sourcing /usr/local/Cellar/neovim/0.4.3/share/nvim/runtime/syntax/syncolor.vim
037.693  000.147  000.147: sourcing /usr/local/Cellar/neovim/0.4.3/share/nvim/runtime/syntax/syncolor.vim
038.195  000.132  000.132: sourcing /usr/local/Cellar/neovim/0.4.3/share/nvim/runtime/syntax/syncolor.vim
040.872  003.845  003.566: sourcing /Users/david.dunn/.local/share/nvim/plugged/NeoSolarized/colors/NeoSolarized.vim
041.847  000.189  000.189: sourcing /usr/local/Cellar/neovim/0.4.3/share/nvim/runtime/syntax/syncolor.vim
042.551  000.162  000.162: sourcing /usr/local/Cellar/neovim/0.4.3/share/nvim/runtime/syntax/syncolor.vim
044.550  003.467  003.116: sourcing /Users/david.dunn/.local/share/nvim/plugged/NeoSolarized/colors/NeoSolarized.vim
044.559  003.596  000.129: sourcing /Users/david.dunn/.config/nvim/init.local.vim
044.567  031.638  014.682: sourcing /Users/david.dunn/.config/nvim/init.vim
044.573  000.227: sourcing vimrc file(s)
044.959  000.137  000.137: sourcing /Users/david.dunn/.local/share/nvim/plugged/lightline.vim/plugin/lightline.vim
045.694  000.092  000.092: sourcing /Users/david.dunn/.local/share/nvim/plugged/ale/autoload/ale/events.vim
045.853  000.742  000.650: sourcing /Users/david.dunn/.local/share/nvim/plugged/ale/plugin/ale.vim
046.140  000.141  000.141: sourcing /Users/david.dunn/.local/share/nvim/plugged/vim-commentary/plugin/commentary.vim
046.583  000.086  000.086: sourcing /Users/david.dunn/.local/share/nvim/plugged/dash.vim/autoload/dash/defaults.vim
046.686  000.268  000.182: sourcing /Users/david.dunn/.local/share/nvim/plugged/dash.vim/autoload/dash.vim
047.053  000.778  000.510: sourcing /Users/david.dunn/.local/share/nvim/plugged/dash.vim/plugin/dash.vim
047.605  000.074  000.074: sourcing /usr/local/Cellar/neovim/0.4.3/share/nvim/runtime/autoload/provider/pythonx.vim
154.011  000.159  000.159: sourcing /usr/local/Cellar/neovim/0.4.3/share/nvim/runtime/autoload/remote/host.vim
154.102  106.712  106.479: sourcing /usr/local/Cellar/neovim/0.4.3/share/nvim/runtime/autoload/provider/python.vim
217.942  063.703  063.703: sourcing /usr/local/Cellar/neovim/0.4.3/share/nvim/runtime/autoload/provider/python3.vim
218.592  171.398  000.984: sourcing /Users/david.dunn/.local/share/nvim/plugged/youcompleteme/plugin/youcompleteme.vim
223.322  003.893  003.893: sourcing /Users/david.dunn/.local/share/nvim/plugged/vim-easymotion/plugin/EasyMotion.vim
224.695  001.241  001.241: sourcing /Users/david.dunn/.local/share/nvim/plugged/vim-fugitive/plugin/fugitive.vim
225.261  000.443  000.443: sourcing /Users/david.dunn/.fzf/plugin/fzf.vim
225.997  000.611  000.611: sourcing /Users/david.dunn/.local/share/nvim/plugged/fzf.vim/plugin/fzf.vim
226.359  000.233  000.233: sourcing /Users/david.dunn/.local/share/nvim/plugged/vim-gutentags/plugin/gutentags.vim
226.550  000.072  000.072: sourcing /Users/david.dunn/.local/share/nvim/plugged/linediff.vim/plugin/linediff.vim
227.050  000.359  000.359: sourcing /Users/david.dunn/.local/share/nvim/plugged/vim-surround/plugin/surround.vim
227.556  000.161  000.161: sourcing /usr/local/Cellar/neovim/0.4.3/share/nvim/runtime/plugin/gzip.vim
227.617  000.013  000.013: sourcing /usr/local/Cellar/neovim/0.4.3/share/nvim/runtime/plugin/health.vim
227.718  000.060  000.060: sourcing /usr/local/Cellar/neovim/0.4.3/share/nvim/runtime/plugin/man.vim
229.018  000.201  000.201: sourcing /usr/local/Cellar/neovim/0.4.3/share/nvim/runtime/pack/dist/opt/matchit/plugin/matchit.vim
229.058  001.298  001.097: sourcing /usr/local/Cellar/neovim/0.4.3/share/nvim/runtime/plugin/matchit.vim
229.233  000.130  000.130: sourcing /usr/local/Cellar/neovim/0.4.3/share/nvim/runtime/plugin/matchparen.vim
229.689  000.402  000.402: sourcing /usr/local/Cellar/neovim/0.4.3/share/nvim/runtime/plugin/netrwPlugin.vim
230.241  000.137  000.137: sourcing /usr/local/Cellar/neovim/0.4.3/share/nvim/runtime/autoload/remote/define.vim
230.310  000.398  000.261: sourcing /Users/david.dunn/.local/share/nvim/rplugin.vim
230.317  000.560  000.163: sourcing /usr/local/Cellar/neovim/0.4.3/share/nvim/runtime/plugin/rplugin.vim
230.457  000.088  000.088: sourcing /usr/local/Cellar/neovim/0.4.3/share/nvim/runtime/plugin/shada.vim
230.533  000.021  000.021: sourcing /usr/local/Cellar/neovim/0.4.3/share/nvim/runtime/plugin/spellfile.vim
230.697  000.118  000.118: sourcing /usr/local/Cellar/neovim/0.4.3/share/nvim/runtime/plugin/tarPlugin.vim
230.869  000.123  000.123: sourcing /usr/local/Cellar/neovim/0.4.3/share/nvim/runtime/plugin/tohtml.vim
230.940  000.018  000.018: sourcing /usr/local/Cellar/neovim/0.4.3/share/nvim/runtime/plugin/tutor.vim
231.209  000.159  000.159: sourcing /usr/local/Cellar/neovim/0.4.3/share/nvim/runtime/plugin/zipPlugin.vim
231.216  003.446: loading plugins
231.292  000.076: loading packages
231.334  000.042: loading after plugins
231.344  000.010: inits 3
233.727  002.383: reading ShaDa
234.010  000.135  000.135: sourcing /Users/david.dunn/.local/share/nvim/plugged/ale/autoload/ale.vim
234.071  000.209: opening buffers
234.432  000.289  000.289: sourcing /Users/david.dunn/.local/share/nvim/plugged/lightline.vim/autoload/lightline.vim
234.864  000.035  000.035: sourcing /Users/david.dunn/.local/share/nvim/plugged/lightline.vim/autoload/lightline/tab.vim
235.251  000.141  000.141: sourcing /Users/david.dunn/.local/share/nvim/plugged/lightline.vim/autoload/lightline/colorscheme.vim
235.711  000.729  000.588: sourcing /Users/david.dunn/.local/share/nvim/plugged/lightline.vim/autoload/lightline/colorscheme/solarized.vim
238.140  003.015: BufEnter autocommands
238.142  000.003: editing files in windows
238.727  000.485  000.485: sourcing /Users/david.dunn/.local/share/nvim/plugged/youcompleteme/autoload/youcompleteme.vim
238.966  000.021  000.021: sourcing /usr/local/Cellar/neovim/0.4.3/share/nvim/runtime/autoload/provider.vim
397.414  000.414  000.414: sourcing /Users/david.dunn/.local/share/nvim/plugged/vim-gutentags/autoload/gutentags.vim
397.550  158.488: VimEnter autocommands
397.554  000.004: UIEnter autocommands
397.555  000.002: before starting main loop
398.604  001.049: first screen update
398.606  000.002: --- NVIM STARTED ---
