

times in msec
 clock   self+sourced   self:  sourced script
 clock   elapsed:              other lines

000.011  000.011: --- NVIM STARTING ---
000.603  000.591: locale set
009.358  008.755: inits 1
009.389  000.032: window checked
009.400  000.010: parsing arguments
009.662  000.263: expanding arguments
009.741  000.079: inits 2
010.283  000.541: init highlight
010.439  000.156: waiting for UI
012.695  002.256: done waiting for UI
012.714  000.019: initialized screen early for UI
014.960  001.698  001.698: sourcing /Users/david.dunn/.local/share/nvim/site/autoload/plug.vim
027.125  000.022  000.022: sourcing /Users/david.dunn/.local/share/nvim/plugged/elm-vim/ftdetect/elm.vim
027.665  000.080  000.080: sourcing /Users/david.dunn/.local/share/nvim/plugged/vim-go/ftdetect/gofiletype.vim
034.915  000.018  000.018: sourcing /Users/david.dunn/.local/share/nvim/plugged/vim-fugitive/ftdetect/fugitive.vim
035.100  000.054  000.054: sourcing /Users/david.dunn/.local/share/nvim/plugged/plantuml-syntax/ftdetect/plantuml.vim
035.318  000.099  000.099: sourcing /Users/david.dunn/.local/share/nvim/plugged/vim-ruby/ftdetect/ruby.vim
035.511  000.140  000.140: sourcing /Users/david.dunn/.local/share/nvim/plugged/vim-ruby/ftdetect/ruby_extra.vim
035.612  006.821  006.509: sourcing /usr/local/Cellar/neovim/0.4.3/share/nvim/runtime/filetype.vim
035.797  000.037  000.037: sourcing /usr/local/Cellar/neovim/0.4.3/share/nvim/runtime/ftplugin.vim
035.975  000.035  000.035: sourcing /usr/local/Cellar/neovim/0.4.3/share/nvim/runtime/indent.vim
036.631  000.263  000.263: sourcing /usr/local/Cellar/neovim/0.4.3/share/nvim/runtime/syntax/syncolor.vim
036.726  000.498  000.235: sourcing /usr/local/Cellar/neovim/0.4.3/share/nvim/runtime/syntax/synload.vim
036.752  000.667  000.169: sourcing /usr/local/Cellar/neovim/0.4.3/share/nvim/runtime/syntax/syntax.vim
037.212  000.128  000.128: sourcing /usr/local/Cellar/neovim/0.4.3/share/nvim/runtime/syntax/syncolor.vim
038.172  000.146  000.146: sourcing /usr/local/Cellar/neovim/0.4.3/share/nvim/runtime/syntax/syncolor.vim
038.663  000.131  000.131: sourcing /usr/local/Cellar/neovim/0.4.3/share/nvim/runtime/syntax/syncolor.vim
041.134  003.617  003.340: sourcing /Users/david.dunn/.local/share/nvim/plugged/NeoSolarized/colors/NeoSolarized.vim
042.086  000.186  000.186: sourcing /usr/local/Cellar/neovim/0.4.3/share/nvim/runtime/syntax/syncolor.vim
042.780  000.161  000.161: sourcing /usr/local/Cellar/neovim/0.4.3/share/nvim/runtime/syntax/syncolor.vim
044.777  003.440  003.093: sourcing /Users/david.dunn/.local/share/nvim/plugged/NeoSolarized/colors/NeoSolarized.vim
044.786  003.565  000.125: sourcing /Users/david.dunn/.config/nvim/init.local.vim
044.793  031.873  015.204: sourcing /Users/david.dunn/.config/nvim/init.vim
044.798  000.211: sourcing vimrc file(s)
045.147  000.116  000.116: sourcing /Users/david.dunn/.local/share/nvim/plugged/lightline.vim/plugin/lightline.vim
045.857  000.090  000.090: sourcing /Users/david.dunn/.local/share/nvim/plugged/ale/autoload/ale/events.vim
046.012  000.732  000.642: sourcing /Users/david.dunn/.local/share/nvim/plugged/ale/plugin/ale.vim
046.294  000.142  000.142: sourcing /Users/david.dunn/.local/share/nvim/plugged/vim-commentary/plugin/commentary.vim
046.725  000.088  000.088: sourcing /Users/david.dunn/.local/share/nvim/plugged/dash.vim/autoload/dash/defaults.vim
046.829  000.266  000.178: sourcing /Users/david.dunn/.local/share/nvim/plugged/dash.vim/autoload/dash.vim
047.198  000.774  000.508: sourcing /Users/david.dunn/.local/share/nvim/plugged/dash.vim/plugin/dash.vim
047.484  000.057  000.057: sourcing /Users/david.dunn/.local/share/nvim/plugged/deoplete.nvim/autoload/deoplete.vim
047.541  000.205  000.148: sourcing /Users/david.dunn/.local/share/nvim/plugged/deoplete.nvim/plugin/deoplete.vim
052.103  004.429  004.429: sourcing /Users/david.dunn/.local/share/nvim/plugged/vim-easymotion/plugin/EasyMotion.vim
053.211  000.964  000.964: sourcing /Users/david.dunn/.local/share/nvim/plugged/vim-fugitive/plugin/fugitive.vim
053.892  000.528  000.528: sourcing /Users/david.dunn/.fzf/plugin/fzf.vim
054.751  000.685  000.685: sourcing /Users/david.dunn/.local/share/nvim/plugged/fzf.vim/plugin/fzf.vim
055.098  000.206  000.206: sourcing /Users/david.dunn/.local/share/nvim/plugged/vim-gutentags/plugin/gutentags.vim
055.309  000.079  000.079: sourcing /Users/david.dunn/.local/share/nvim/plugged/linediff.vim/plugin/linediff.vim
055.875  000.412  000.412: sourcing /Users/david.dunn/.local/share/nvim/plugged/vim-surround/plugin/surround.vim
056.431  000.170  000.170: sourcing /usr/local/Cellar/neovim/0.4.3/share/nvim/runtime/plugin/gzip.vim
056.495  000.012  000.012: sourcing /usr/local/Cellar/neovim/0.4.3/share/nvim/runtime/plugin/health.vim
056.612  000.065  000.065: sourcing /usr/local/Cellar/neovim/0.4.3/share/nvim/runtime/plugin/man.vim
057.909  000.234  000.234: sourcing /usr/local/Cellar/neovim/0.4.3/share/nvim/runtime/pack/dist/opt/matchit/plugin/matchit.vim
057.956  001.295  001.061: sourcing /usr/local/Cellar/neovim/0.4.3/share/nvim/runtime/plugin/matchit.vim
058.151  000.143  000.143: sourcing /usr/local/Cellar/neovim/0.4.3/share/nvim/runtime/plugin/matchparen.vim
058.628  000.420  000.420: sourcing /usr/local/Cellar/neovim/0.4.3/share/nvim/runtime/plugin/netrwPlugin.vim
059.189  000.167  000.167: sourcing /usr/local/Cellar/neovim/0.4.3/share/nvim/runtime/autoload/remote/host.vim
059.552  000.158  000.158: sourcing /usr/local/Cellar/neovim/0.4.3/share/nvim/runtime/autoload/remote/define.vim
059.631  000.754  000.430: sourcing /Users/david.dunn/.local/share/nvim/rplugin.vim
059.639  000.940  000.185: sourcing /usr/local/Cellar/neovim/0.4.3/share/nvim/runtime/plugin/rplugin.vim
059.806  000.102  000.102: sourcing /usr/local/Cellar/neovim/0.4.3/share/nvim/runtime/plugin/shada.vim
059.894  000.024  000.024: sourcing /usr/local/Cellar/neovim/0.4.3/share/nvim/runtime/plugin/spellfile.vim
060.091  000.134  000.134: sourcing /usr/local/Cellar/neovim/0.4.3/share/nvim/runtime/plugin/tarPlugin.vim
060.235  000.085  000.085: sourcing /usr/local/Cellar/neovim/0.4.3/share/nvim/runtime/plugin/tohtml.vim
060.313  000.022  000.022: sourcing /usr/local/Cellar/neovim/0.4.3/share/nvim/runtime/plugin/tutor.vim
060.528  000.160  000.160: sourcing /usr/local/Cellar/neovim/0.4.3/share/nvim/runtime/plugin/zipPlugin.vim
060.535  002.893: loading plugins
060.621  000.085: loading packages
060.669  000.048: loading after plugins
060.680  000.011: inits 3
063.482  002.802: reading ShaDa
063.810  000.165  000.165: sourcing /Users/david.dunn/.local/share/nvim/plugged/ale/autoload/ale.vim
063.882  000.235: opening buffers
064.297  000.334  000.334: sourcing /Users/david.dunn/.local/share/nvim/plugged/lightline.vim/autoload/lightline.vim
064.762  000.037  000.037: sourcing /Users/david.dunn/.local/share/nvim/plugged/lightline.vim/autoload/lightline/tab.vim
065.264  000.170  000.170: sourcing /Users/david.dunn/.local/share/nvim/plugged/lightline.vim/autoload/lightline/colorscheme.vim
065.756  000.849  000.679: sourcing /Users/david.dunn/.local/share/nvim/plugged/lightline.vim/autoload/lightline/colorscheme/solarized.vim
068.246  003.144: BufEnter autocommands
068.248  000.003: editing files in windows
068.483  000.118  000.118: sourcing /Users/david.dunn/.local/share/nvim/plugged/deoplete.nvim/autoload/deoplete/init.vim
068.787  000.089  000.089: sourcing /Users/david.dunn/.local/share/nvim/plugged/deoplete.nvim/autoload/deoplete/custom.vim
069.085  000.099  000.099: sourcing /Users/david.dunn/.local/share/nvim/plugged/deoplete.nvim/autoload/deoplete/util.vim
069.497  000.069  000.069: sourcing /usr/local/Cellar/neovim/0.4.3/share/nvim/runtime/autoload/provider/pythonx.vim
135.565  065.940  065.940: sourcing /usr/local/Cellar/neovim/0.4.3/share/nvim/runtime/autoload/provider/python3.vim
135.823  000.054  000.054: sourcing /usr/local/Cellar/neovim/0.4.3/share/nvim/runtime/autoload/provider.vim
243.176  000.116  000.116: sourcing /Users/david.dunn/.local/share/nvim/plugged/deoplete.nvim/autoload/deoplete/mapping.vim
243.468  000.154  000.154: sourcing /Users/david.dunn/.local/share/nvim/plugged/deoplete.nvim/autoload/deoplete/handler.vim
244.140  000.345  000.345: sourcing /Users/david.dunn/.local/share/nvim/plugged/vim-gutentags/autoload/gutentags.vim
244.291  109.059: VimEnter autocommands
244.294  000.003: UIEnter autocommands
244.299  000.005: before starting main loop
245.256  000.957: first screen update
245.258  000.002: --- NVIM STARTED ---
