

times in msec
 clock   self+sourced   self:  sourced script
 clock   elapsed:              other lines

000.011  000.011: --- NVIM STARTING ---
000.587  000.576: locale set
009.455  008.868: inits 1
009.487  000.031: window checked
009.497  000.010: parsing arguments
009.755  000.258: expanding arguments
009.836  000.081: inits 2
010.382  000.546: init highlight
010.539  000.157: waiting for UI
012.800  002.262: done waiting for UI
012.821  000.021: initialized screen early for UI
015.062  001.694  001.694: sourcing /Users/david.dunn/.local/share/nvim/site/autoload/plug.vim
027.057  000.023  000.023: sourcing /Users/david.dunn/.local/share/nvim/plugged/elm-vim/ftdetect/elm.vim
027.593  000.091  000.091: sourcing /Users/david.dunn/.local/share/nvim/plugged/vim-go/ftdetect/gofiletype.vim
034.751  000.015  000.015: sourcing /Users/david.dunn/.local/share/nvim/plugged/vim-fugitive/ftdetect/fugitive.vim
034.915  000.039  000.039: sourcing /Users/david.dunn/.local/share/nvim/plugged/plantuml-syntax/ftdetect/plantuml.vim
035.147  000.097  000.097: sourcing /Users/david.dunn/.local/share/nvim/plugged/vim-ruby/ftdetect/ruby.vim
035.325  000.128  000.128: sourcing /Users/david.dunn/.local/share/nvim/plugged/vim-ruby/ftdetect/ruby_extra.vim
035.422  006.742  006.462: sourcing /usr/local/Cellar/neovim/0.4.3/share/nvim/runtime/filetype.vim
035.605  000.037  000.037: sourcing /usr/local/Cellar/neovim/0.4.3/share/nvim/runtime/ftplugin.vim
035.776  000.031  000.031: sourcing /usr/local/Cellar/neovim/0.4.3/share/nvim/runtime/indent.vim
036.408  000.254  000.254: sourcing /usr/local/Cellar/neovim/0.4.3/share/nvim/runtime/syntax/syncolor.vim
036.500  000.485  000.231: sourcing /usr/local/Cellar/neovim/0.4.3/share/nvim/runtime/syntax/synload.vim
036.526  000.656  000.171: sourcing /usr/local/Cellar/neovim/0.4.3/share/nvim/runtime/syntax/syntax.vim
036.988  000.129  000.129: sourcing /usr/local/Cellar/neovim/0.4.3/share/nvim/runtime/syntax/syncolor.vim
037.929  000.147  000.147: sourcing /usr/local/Cellar/neovim/0.4.3/share/nvim/runtime/syntax/syncolor.vim
038.412  000.132  000.132: sourcing /usr/local/Cellar/neovim/0.4.3/share/nvim/runtime/syntax/syncolor.vim
040.859  003.585  003.306: sourcing /Users/david.dunn/.local/share/nvim/plugged/NeoSolarized/colors/NeoSolarized.vim
041.783  000.178  000.178: sourcing /usr/local/Cellar/neovim/0.4.3/share/nvim/runtime/syntax/syncolor.vim
042.468  000.158  000.158: sourcing /usr/local/Cellar/neovim/0.4.3/share/nvim/runtime/syntax/syncolor.vim
044.406  003.354  003.018: sourcing /Users/david.dunn/.local/share/nvim/plugged/NeoSolarized/colors/NeoSolarized.vim
044.414  003.476  000.122: sourcing /Users/david.dunn/.config/nvim/init.local.vim
044.422  031.398  014.934: sourcing /Users/david.dunn/.config/nvim/init.vim
044.427  000.207: sourcing vimrc file(s)
045.016  000.110  000.110: sourcing /Users/david.dunn/.local/share/nvim/plugged/vim-airline/autoload/airline/init.vim
045.414  000.084  000.084: sourcing /Users/david.dunn/.local/share/nvim/plugged/vim-airline/autoload/airline/parts.vim
046.464  000.178  000.178: sourcing /Users/david.dunn/.local/share/nvim/plugged/vim-airline/autoload/airline/util.vim
046.541  001.880  001.509: sourcing /Users/david.dunn/.local/share/nvim/plugged/vim-airline/plugin/airline.vim
046.720  000.034  000.034: sourcing /Users/david.dunn/.local/share/nvim/plugged/vim-airline-themes/plugin/airline-themes.vim
047.456  000.113  000.113: sourcing /Users/david.dunn/.local/share/nvim/plugged/ale/autoload/ale/events.vim
047.611  000.761  000.648: sourcing /Users/david.dunn/.local/share/nvim/plugged/ale/plugin/ale.vim
047.908  000.155  000.155: sourcing /Users/david.dunn/.local/share/nvim/plugged/vim-commentary/plugin/commentary.vim
048.361  000.088  000.088: sourcing /Users/david.dunn/.local/share/nvim/plugged/dash.vim/autoload/dash/defaults.vim
048.492  000.300  000.212: sourcing /Users/david.dunn/.local/share/nvim/plugged/dash.vim/autoload/dash.vim
048.858  000.815  000.514: sourcing /Users/david.dunn/.local/share/nvim/plugged/dash.vim/plugin/dash.vim
053.430  004.430  004.430: sourcing /Users/david.dunn/.local/share/nvim/plugged/vim-easymotion/plugin/EasyMotion.vim
054.519  000.913  000.913: sourcing /Users/david.dunn/.local/share/nvim/plugged/vim-fugitive/plugin/fugitive.vim
055.137  000.480  000.480: sourcing /Users/david.dunn/.fzf/plugin/fzf.vim
055.967  000.690  000.690: sourcing /Users/david.dunn/.local/share/nvim/plugged/fzf.vim/plugin/fzf.vim
056.316  000.205  000.205: sourcing /Users/david.dunn/.local/share/nvim/plugged/vim-gutentags/plugin/gutentags.vim
056.545  000.092  000.092: sourcing /Users/david.dunn/.local/share/nvim/plugged/linediff.vim/plugin/linediff.vim
057.127  000.413  000.413: sourcing /Users/david.dunn/.local/share/nvim/plugged/vim-surround/plugin/surround.vim
057.695  000.174  000.174: sourcing /usr/local/Cellar/neovim/0.4.3/share/nvim/runtime/plugin/gzip.vim
057.768  000.014  000.014: sourcing /usr/local/Cellar/neovim/0.4.3/share/nvim/runtime/plugin/health.vim
057.891  000.072  000.072: sourcing /usr/local/Cellar/neovim/0.4.3/share/nvim/runtime/plugin/man.vim
059.186  000.247  000.247: sourcing /usr/local/Cellar/neovim/0.4.3/share/nvim/runtime/pack/dist/opt/matchit/plugin/matchit.vim
059.229  001.286  001.039: sourcing /usr/local/Cellar/neovim/0.4.3/share/nvim/runtime/plugin/matchit.vim
059.439  000.149  000.149: sourcing /usr/local/Cellar/neovim/0.4.3/share/nvim/runtime/plugin/matchparen.vim
059.908  000.413  000.413: sourcing /usr/local/Cellar/neovim/0.4.3/share/nvim/runtime/plugin/netrwPlugin.vim
060.468  000.157  000.157: sourcing /usr/local/Cellar/neovim/0.4.3/share/nvim/runtime/autoload/remote/host.vim
060.815  000.148  000.148: sourcing /usr/local/Cellar/neovim/0.4.3/share/nvim/runtime/autoload/remote/define.vim
060.889  000.720  000.415: sourcing /Users/david.dunn/.local/share/nvim/rplugin.vim
060.896  000.918  000.197: sourcing /usr/local/Cellar/neovim/0.4.3/share/nvim/runtime/plugin/rplugin.vim
061.070  000.112  000.112: sourcing /usr/local/Cellar/neovim/0.4.3/share/nvim/runtime/plugin/shada.vim
061.160  000.026  000.026: sourcing /usr/local/Cellar/neovim/0.4.3/share/nvim/runtime/plugin/spellfile.vim
061.346  000.129  000.129: sourcing /usr/local/Cellar/neovim/0.4.3/share/nvim/runtime/plugin/tarPlugin.vim
061.483  000.080  000.080: sourcing /usr/local/Cellar/neovim/0.4.3/share/nvim/runtime/plugin/tohtml.vim
061.557  000.021  000.021: sourcing /usr/local/Cellar/neovim/0.4.3/share/nvim/runtime/plugin/tutor.vim
061.766  000.155  000.155: sourcing /usr/local/Cellar/neovim/0.4.3/share/nvim/runtime/plugin/zipPlugin.vim
061.773  002.930: loading plugins
061.851  000.078: loading packages
061.895  000.044: loading after plugins
061.905  000.010: inits 3
064.466  002.560: reading ShaDa
064.843  000.216  000.216: sourcing /Users/david.dunn/.local/share/nvim/plugged/vim-airline/autoload/airline/extensions.vim
064.983  000.048  000.048: sourcing /Users/david.dunn/.local/share/nvim/plugged/vim-airline/autoload/airline/extensions/quickfix.vim
065.197  000.132  000.132: sourcing /Users/david.dunn/.local/share/nvim/plugged/vim-airline/autoload/airline.vim
065.330  000.029  000.029: sourcing /Users/david.dunn/.local/share/nvim/plugged/vim-airline/autoload/airline/extensions/netrw.vim
065.576  000.049  000.049: sourcing /Users/david.dunn/.local/share/nvim/plugged/vim-airline/autoload/airline/section.vim
065.850  000.145  000.145: sourcing /Users/david.dunn/.local/share/nvim/plugged/vim-airline/autoload/airline/highlighter.vim
065.979  000.555  000.361: sourcing /Users/david.dunn/.local/share/nvim/plugged/vim-airline/autoload/airline/extensions/term.vim
066.308  000.161  000.161: sourcing /Users/david.dunn/.local/share/nvim/plugged/vim-airline/autoload/airline/extensions/branch.vim
066.478  000.042  000.042: sourcing /Users/david.dunn/.local/share/nvim/plugged/vim-airline/autoload/airline/extensions/fugitiveline.vim
066.707  000.095  000.095: sourcing /Users/david.dunn/.local/share/nvim/plugged/vim-airline/autoload/airline/extensions/whitespace.vim
066.962  000.072  000.072: sourcing /Users/david.dunn/.local/share/nvim/plugged/vim-airline/autoload/airline/extensions/wordcount.vim
067.198  000.125  000.125: sourcing /Users/david.dunn/.local/share/nvim/plugged/vim-airline/autoload/airline/extensions/tabline.vim
067.327  000.039  000.039: sourcing /Users/david.dunn/.local/share/nvim/plugged/vim-airline/autoload/airline/extensions/tabline/autoshow.vim
067.530  000.068  000.068: sourcing /Users/david.dunn/.local/share/nvim/plugged/vim-airline/autoload/airline/extensions/tabline/tabs.vim
067.763  000.121  000.121: sourcing /Users/david.dunn/.local/share/nvim/plugged/vim-airline/autoload/airline/extensions/tabline/buffers.vim
067.955  000.023  000.023: sourcing /Users/david.dunn/.local/share/nvim/plugged/vim-airline/autoload/airline/extensions/gutentags.vim
068.078  000.022  000.022: sourcing /Users/david.dunn/.local/share/nvim/plugged/vim-airline/autoload/airline/extensions/keymap.vim
072.169  000.043  000.043: sourcing /Users/david.dunn/.local/share/nvim/plugged/vim-airline/autoload/airline/themes.vim
072.409  000.567  000.525: sourcing /Users/david.dunn/.local/share/nvim/plugged/vim-airline-themes/autoload/airline/themes/solarized.vim
074.371  000.597  000.597: sourcing /Users/david.dunn/.local/share/nvim/plugged/vim-airline-themes/autoload/airline/themes/solarized.vim
090.133  000.151  000.151: sourcing /Users/david.dunn/.local/share/nvim/plugged/vim-airline/autoload/airline/builder.vim
090.446  000.067  000.067: sourcing /Users/david.dunn/.local/share/nvim/plugged/vim-airline/autoload/airline/extensions/default.vim
104.764  000.124  000.124: sourcing /Users/david.dunn/.local/share/nvim/plugged/ale/autoload/ale.vim
104.821  037.101: opening buffers
104.857  000.036: BufEnter autocommands
104.859  000.002: editing files in windows
105.317  000.314  000.314: sourcing /Users/david.dunn/.local/share/nvim/plugged/vim-gutentags/autoload/gutentags.vim
105.405  000.232: VimEnter autocommands
105.407  000.002: UIEnter autocommands
105.408  000.001: before starting main loop
105.922  000.166  000.166: sourcing /Users/david.dunn/.local/share/nvim/plugged/vim-airline/autoload/airline/extensions/tabline/ctrlspace.vim
106.166  000.072  000.072: sourcing /Users/david.dunn/.local/share/nvim/plugged/vim-airline/autoload/airline/extensions/tabline/tabws.vim
106.507  000.103  000.103: sourcing /Users/david.dunn/.local/share/nvim/plugged/vim-airline/autoload/airline/extensions/tabline/builder.vim
106.670  000.046  000.046: sourcing /Users/david.dunn/.local/share/nvim/plugged/vim-airline/autoload/airline/extensions/tabline/buflist.vim
109.379  000.047  000.047: sourcing /Users/david.dunn/.local/share/nvim/plugged/vim-airline/autoload/airline/extensions/tabline/formatters/unique_tail_improved.vim
109.566  000.092  000.092: sourcing /Users/david.dunn/.local/share/nvim/plugged/vim-airline/autoload/airline/extensions/tabline/formatters/default.vim
117.044  004.529  004.529: sourcing /Users/david.dunn/.local/share/nvim/plugged/vim-fugitive/autoload/fugitive.vim
119.264  008.802: first screen update
119.266  000.002: --- NVIM STARTED ---
