

times in msec
 clock   self+sourced   self:  sourced script
 clock   elapsed:              other lines

000.011  000.011: --- NVIM STARTING ---
000.539  000.529: locale set
007.757  007.218: inits 1
007.780  000.023: window checked
007.788  000.008: parsing arguments
007.996  000.207: expanding arguments
008.056  000.060: inits 2
008.517  000.461: init highlight
008.638  000.122: waiting for UI
010.527  001.888: done waiting for UI
010.542  000.016: initialized screen early for UI
012.418  001.427  001.427: sourcing /Users/david.dunn/.local/share/nvim/site/autoload/plug.vim
023.025  000.021  000.021: sourcing /Users/david.dunn/.local/share/nvim/plugged/elm-vim/ftdetect/elm.vim
023.467  000.071  000.071: sourcing /Users/david.dunn/.local/share/nvim/plugged/vim-go/ftdetect/gofiletype.vim
029.792  000.016  000.016: sourcing /Users/david.dunn/.local/share/nvim/plugged/vim-fugitive/ftdetect/fugitive.vim
029.951  000.037  000.037: sourcing /Users/david.dunn/.local/share/nvim/plugged/plantuml-syntax/ftdetect/plantuml.vim
030.156  000.092  000.092: sourcing /Users/david.dunn/.local/share/nvim/plugged/vim-ruby/ftdetect/ruby.vim
030.335  000.130  000.130: sourcing /Users/david.dunn/.local/share/nvim/plugged/vim-ruby/ftdetect/ruby_extra.vim
030.438  005.999  005.724: sourcing /usr/local/Cellar/neovim/0.4.3/share/nvim/runtime/filetype.vim
030.617  000.035  000.035: sourcing /usr/local/Cellar/neovim/0.4.3/share/nvim/runtime/ftplugin.vim
030.786  000.033  000.033: sourcing /usr/local/Cellar/neovim/0.4.3/share/nvim/runtime/indent.vim
031.407  000.242  000.242: sourcing /usr/local/Cellar/neovim/0.4.3/share/nvim/runtime/syntax/syncolor.vim
031.503  000.478  000.236: sourcing /usr/local/Cellar/neovim/0.4.3/share/nvim/runtime/syntax/synload.vim
031.528  000.646  000.169: sourcing /usr/local/Cellar/neovim/0.4.3/share/nvim/runtime/syntax/syntax.vim
031.983  000.124  000.124: sourcing /usr/local/Cellar/neovim/0.4.3/share/nvim/runtime/syntax/syncolor.vim
032.972  000.150  000.150: sourcing /usr/local/Cellar/neovim/0.4.3/share/nvim/runtime/syntax/syncolor.vim
033.453  000.129  000.129: sourcing /usr/local/Cellar/neovim/0.4.3/share/nvim/runtime/syntax/syncolor.vim
035.914  003.609  003.331: sourcing /Users/david.dunn/.local/share/nvim/plugged/NeoSolarized/colors/NeoSolarized.vim
036.862  000.178  000.178: sourcing /usr/local/Cellar/neovim/0.4.3/share/nvim/runtime/syntax/syncolor.vim
037.539  000.156  000.156: sourcing /usr/local/Cellar/neovim/0.4.3/share/nvim/runtime/syntax/syncolor.vim
039.490  003.361  003.027: sourcing /Users/david.dunn/.local/share/nvim/plugged/NeoSolarized/colors/NeoSolarized.vim
039.499  003.494  000.133: sourcing /Users/david.dunn/.config/nvim/init.local.vim
039.505  028.794  013.335: sourcing /Users/david.dunn/.config/nvim/init.vim
039.511  000.174: sourcing vimrc file(s)
040.099  000.097  000.097: sourcing /Users/david.dunn/.local/share/nvim/plugged/vim-airline/autoload/airline/init.vim
040.491  000.083  000.083: sourcing /Users/david.dunn/.local/share/nvim/plugged/vim-airline/autoload/airline/parts.vim
041.555  000.171  000.171: sourcing /Users/david.dunn/.local/share/nvim/plugged/vim-airline/autoload/airline/util.vim
041.636  001.880  001.529: sourcing /Users/david.dunn/.local/share/nvim/plugged/vim-airline/plugin/airline.vim
041.824  000.035  000.035: sourcing /Users/david.dunn/.local/share/nvim/plugged/vim-airline-themes/plugin/airline-themes.vim
042.626  000.121  000.121: sourcing /Users/david.dunn/.local/share/nvim/plugged/ale/autoload/ale/events.vim
042.807  000.846  000.725: sourcing /Users/david.dunn/.local/share/nvim/plugged/ale/plugin/ale.vim
043.119  000.159  000.159: sourcing /Users/david.dunn/.local/share/nvim/plugged/vim-commentary/plugin/commentary.vim
043.589  000.086  000.086: sourcing /Users/david.dunn/.local/share/nvim/plugged/dash.vim/autoload/dash/defaults.vim
043.719  000.306  000.220: sourcing /Users/david.dunn/.local/share/nvim/plugged/dash.vim/autoload/dash.vim
044.088  000.827  000.521: sourcing /Users/david.dunn/.local/share/nvim/plugged/dash.vim/plugin/dash.vim
044.667  000.074  000.074: sourcing /usr/local/Cellar/neovim/0.4.3/share/nvim/runtime/autoload/provider/pythonx.vim
149.857  000.168  000.168: sourcing /usr/local/Cellar/neovim/0.4.3/share/nvim/runtime/autoload/remote/host.vim
149.939  105.497  105.254: sourcing /usr/local/Cellar/neovim/0.4.3/share/nvim/runtime/autoload/provider/python.vim
220.906  070.815  070.815: sourcing /usr/local/Cellar/neovim/0.4.3/share/nvim/runtime/autoload/provider/python3.vim
221.589  177.354  001.042: sourcing /Users/david.dunn/.local/share/nvim/plugged/youcompleteme/plugin/youcompleteme.vim
225.893  004.146  004.146: sourcing /Users/david.dunn/.local/share/nvim/plugged/vim-easymotion/plugin/EasyMotion.vim
226.934  000.894  000.894: sourcing /Users/david.dunn/.local/share/nvim/plugged/vim-fugitive/plugin/fugitive.vim
227.509  000.439  000.439: sourcing /Users/david.dunn/.fzf/plugin/fzf.vim
228.325  000.676  000.676: sourcing /Users/david.dunn/.local/share/nvim/plugged/fzf.vim/plugin/fzf.vim
228.658  000.195  000.195: sourcing /Users/david.dunn/.local/share/nvim/plugged/vim-gutentags/plugin/gutentags.vim
228.859  000.073  000.073: sourcing /Users/david.dunn/.local/share/nvim/plugged/linediff.vim/plugin/linediff.vim
229.384  000.374  000.374: sourcing /Users/david.dunn/.local/share/nvim/plugged/vim-surround/plugin/surround.vim
229.913  000.157  000.157: sourcing /usr/local/Cellar/neovim/0.4.3/share/nvim/runtime/plugin/gzip.vim
229.984  000.018  000.018: sourcing /usr/local/Cellar/neovim/0.4.3/share/nvim/runtime/plugin/health.vim
230.098  000.061  000.061: sourcing /usr/local/Cellar/neovim/0.4.3/share/nvim/runtime/plugin/man.vim
231.397  000.211  000.211: sourcing /usr/local/Cellar/neovim/0.4.3/share/nvim/runtime/pack/dist/opt/matchit/plugin/matchit.vim
231.440  001.291  001.081: sourcing /usr/local/Cellar/neovim/0.4.3/share/nvim/runtime/plugin/matchit.vim
231.624  000.129  000.129: sourcing /usr/local/Cellar/neovim/0.4.3/share/nvim/runtime/plugin/matchparen.vim
232.058  000.378  000.378: sourcing /usr/local/Cellar/neovim/0.4.3/share/nvim/runtime/plugin/netrwPlugin.vim
232.655  000.140  000.140: sourcing /usr/local/Cellar/neovim/0.4.3/share/nvim/runtime/autoload/remote/define.vim
232.726  000.429  000.288: sourcing /Users/david.dunn/.local/share/nvim/rplugin.vim
232.733  000.602  000.173: sourcing /usr/local/Cellar/neovim/0.4.3/share/nvim/runtime/plugin/rplugin.vim
232.887  000.092  000.092: sourcing /usr/local/Cellar/neovim/0.4.3/share/nvim/runtime/plugin/shada.vim
232.974  000.022  000.022: sourcing /usr/local/Cellar/neovim/0.4.3/share/nvim/runtime/plugin/spellfile.vim
233.155  000.124  000.124: sourcing /usr/local/Cellar/neovim/0.4.3/share/nvim/runtime/plugin/tarPlugin.vim
233.290  000.076  000.076: sourcing /usr/local/Cellar/neovim/0.4.3/share/nvim/runtime/plugin/tohtml.vim
233.365  000.018  000.018: sourcing /usr/local/Cellar/neovim/0.4.3/share/nvim/runtime/plugin/tutor.vim
233.569  000.149  000.149: sourcing /usr/local/Cellar/neovim/0.4.3/share/nvim/runtime/plugin/zipPlugin.vim
233.576  003.050: loading plugins
233.657  000.081: loading packages
233.703  000.046: loading after plugins
233.713  000.010: inits 3
236.213  002.500: reading ShaDa
236.625  000.235  000.235: sourcing /Users/david.dunn/.local/share/nvim/plugged/vim-airline/autoload/airline/extensions.vim
236.769  000.044  000.044: sourcing /Users/david.dunn/.local/share/nvim/plugged/vim-airline/autoload/airline/extensions/quickfix.vim
236.982  000.138  000.138: sourcing /Users/david.dunn/.local/share/nvim/plugged/vim-airline/autoload/airline.vim
237.123  000.029  000.029: sourcing /Users/david.dunn/.local/share/nvim/plugged/vim-airline/autoload/airline/extensions/netrw.vim
237.396  000.054  000.054: sourcing /Users/david.dunn/.local/share/nvim/plugged/vim-airline/autoload/airline/section.vim
237.701  000.159  000.159: sourcing /Users/david.dunn/.local/share/nvim/plugged/vim-airline/autoload/airline/highlighter.vim
237.842  000.619  000.405: sourcing /Users/david.dunn/.local/share/nvim/plugged/vim-airline/autoload/airline/extensions/term.vim
238.202  000.173  000.173: sourcing /Users/david.dunn/.local/share/nvim/plugged/vim-airline/autoload/airline/extensions/branch.vim
238.415  000.044  000.044: sourcing /Users/david.dunn/.local/share/nvim/plugged/vim-airline/autoload/airline/extensions/fugitiveline.vim
238.665  000.100  000.100: sourcing /Users/david.dunn/.local/share/nvim/plugged/vim-airline/autoload/airline/extensions/whitespace.vim
238.944  000.077  000.077: sourcing /Users/david.dunn/.local/share/nvim/plugged/vim-airline/autoload/airline/extensions/wordcount.vim
239.176  000.133  000.133: sourcing /Users/david.dunn/.local/share/nvim/plugged/vim-airline/autoload/airline/extensions/tabline.vim
239.318  000.042  000.042: sourcing /Users/david.dunn/.local/share/nvim/plugged/vim-airline/autoload/airline/extensions/tabline/autoshow.vim
239.546  000.074  000.074: sourcing /Users/david.dunn/.local/share/nvim/plugged/vim-airline/autoload/airline/extensions/tabline/tabs.vim
239.794  000.130  000.130: sourcing /Users/david.dunn/.local/share/nvim/plugged/vim-airline/autoload/airline/extensions/tabline/buffers.vim
240.005  000.025  000.025: sourcing /Users/david.dunn/.local/share/nvim/plugged/vim-airline/autoload/airline/extensions/gutentags.vim
240.192  000.039  000.039: sourcing /Users/david.dunn/.local/share/nvim/plugged/vim-airline/autoload/airline/extensions/keymap.vim
244.674  000.047  000.047: sourcing /Users/david.dunn/.local/share/nvim/plugged/vim-airline/autoload/airline/themes.vim
244.930  000.661  000.614: sourcing /Users/david.dunn/.local/share/nvim/plugged/vim-airline-themes/autoload/airline/themes/solarized.vim
247.176  000.595  000.595: sourcing /Users/david.dunn/.local/share/nvim/plugged/vim-airline-themes/autoload/airline/themes/solarized.vim
264.108  000.131  000.131: sourcing /Users/david.dunn/.local/share/nvim/plugged/vim-airline/autoload/airline/builder.vim
264.460  000.073  000.073: sourcing /Users/david.dunn/.local/share/nvim/plugged/vim-airline/autoload/airline/extensions/default.vim
280.096  000.147  000.147: sourcing /Users/david.dunn/.local/share/nvim/plugged/ale/autoload/ale.vim
280.161  040.441: opening buffers
280.205  000.044: BufEnter autocommands
280.207  000.002: editing files in windows
280.878  000.517  000.517: sourcing /Users/david.dunn/.local/share/nvim/plugged/youcompleteme/autoload/youcompleteme.vim
281.154  000.024  000.024: sourcing /usr/local/Cellar/neovim/0.4.3/share/nvim/runtime/autoload/provider.vim
439.097  000.435  000.435: sourcing /Users/david.dunn/.local/share/nvim/plugged/vim-gutentags/autoload/gutentags.vim
439.240  158.057: VimEnter autocommands
439.242  000.003: UIEnter autocommands
439.244  000.002: before starting main loop
439.877  000.098  000.098: sourcing /Users/david.dunn/.local/share/nvim/plugged/vim-airline/autoload/airline/extensions/tabline/ctrlspace.vim
440.060  000.087  000.087: sourcing /Users/david.dunn/.local/share/nvim/plugged/vim-airline/autoload/airline/extensions/tabline/tabws.vim
440.543  000.179  000.179: sourcing /Users/david.dunn/.local/share/nvim/plugged/vim-airline/autoload/airline/extensions/tabline/builder.vim
440.789  000.058  000.058: sourcing /Users/david.dunn/.local/share/nvim/plugged/vim-airline/autoload/airline/extensions/tabline/buflist.vim
443.193  000.051  000.051: sourcing /Users/david.dunn/.local/share/nvim/plugged/vim-airline/autoload/airline/extensions/tabline/formatters/unique_tail_improved.vim
443.329  000.045  000.045: sourcing /Users/david.dunn/.local/share/nvim/plugged/vim-airline/autoload/airline/extensions/tabline/formatters/default.vim
451.162  004.695  004.695: sourcing /Users/david.dunn/.local/share/nvim/plugged/vim-fugitive/autoload/fugitive.vim
453.724  009.268: first screen update
453.726  000.002: --- NVIM STARTED ---
